==1184478== Memcheck, a memory error detector
==1184478== Copyright (C) 2002-2017, and GNU GPL'd, by Julian Seward et al.
==1184478== Using Valgrind-3.15.0 and LibVEX; rerun with -h for copyright info
==1184478== Command: ../last_version/philo//philo 4 310 200 100 2
==1184478== 
113 2 has taken a fork
125 2 has taken a fork
125 2 is eating
134 4 has taken a fork
134 4 has taken a fork
134 4 is eating
327 2 is sleeping
328 1 has taken a fork
334 4 is sleeping
334 3 has taken a fork
334 3 has taken a fork
335 3 is eating
335 1 has taken a fork
335 1 is eating
428 2 is thinking
434 4 is thinking
437 2 died
==1184478== 
==1184478== HEAP SUMMARY:
==1184478==     in use at exit: 0 bytes in 0 blocks
==1184478==   total heap usage: 7 allocs, 7 frees, 9,696 bytes allocated
==1184478== 
==1184478== All heap blocks were freed -- no leaks are possible
==1184478== 
==1184478== For lists of detected and suppressed errors, rerun with: -s
==1184478== ERROR SUMMARY: 0 errors from 0 contexts (suppressed: 0 from 0)
